<?xml version="1.0" encoding="UTF-8"?>
<!-- Generated by org.testng.reporters.JUnitReportReporter -->
<testsuite hostname="DESKTOP-UOSJI6I" failures="0" tests="1" name="com.testcases.ProductPageTest" time="60.466" errors="0" timestamp="2022-11-27T20:27:47 IST" skipped="0">
  <testcase classname="com.testcases.ProductPageTest" name="filterOutProductsNameTest" time="60.466"/>
  <system-out/>
</testsuite> <!-- com.testcases.ProductPageTest -->
