<?xml version="1.0" encoding="UTF-8"?>
<!-- Generated by org.testng.reporters.JUnitReportReporter -->
<testsuite hostname="DESKTOP-UOSJI6I" failures="0" tests="5" name="com.testcases.LoginPageTest" time="26.941" errors="0" timestamp="2022-08-29T10:52:27 IST" skipped="0">
  <testcase classname="com.testcases.LoginPageTest" name="loginTest" time="5.478"/>
  <system-out/>
  <testcase classname="com.testcases.LoginPageTest" name="loginTest" time="6.054"/>
  <system-out/>
  <testcase classname="com.testcases.LoginPageTest" name="scrollToElement" time="2.818"/>
  <system-out/>
  <testcase classname="com.testcases.LoginPageTest" name="loginTest" time="7.161"/>
  <system-out/>
  <testcase classname="com.testcases.LoginPageTest" name="loginTest" time="5.430"/>
  <system-out/>
</testsuite> <!-- com.testcases.LoginPageTest -->
