<?xml version="1.0" encoding="UTF-8"?>
<!-- Generated by org.testng.reporters.JUnitReportReporter -->
<testsuite hostname="DESKTOP-UOSJI6I" failures="0" tests="1" name="com.testcases.ProductPageTest" time="31.648" errors="0" timestamp="2022-10-05T14:35:53 IST" skipped="0">
  <testcase classname="com.testcases.ProductPageTest" name="validatingAllAvailableProductsTest" time="31.648"/>
  <system-out/>
</testsuite> <!-- com.testcases.ProductPageTest -->
