<?xml version="1.0" encoding="UTF-8"?>
<!-- Generated by org.testng.reporters.JUnitReportReporter -->
<testsuite hostname="DESKTOP-UOSJI6I" failures="0" tests="1" name="com.testcases.LoginPageTest" time="19.945" errors="0" timestamp="2022-08-26T12:39:24 IST" skipped="0">
  <testcase classname="com.testcases.LoginPageTest" name="loginTest" time="19.945"/>
  <system-out/>
</testsuite> <!-- com.testcases.LoginPageTest -->
