<?xml version="1.0" encoding="UTF-8"?>
<!-- Generated by org.testng.reporters.JUnitReportReporter -->
<testsuite hostname="DESKTOP-UOSJI6I" failures="0" tests="1" name="com.testcases.ProductPageTest" time="31.180" errors="0" timestamp="2022-12-10T19:05:43 IST" skipped="0">
  <testcase classname="com.testcases.ProductPageTest" name="webViewFunctionalityTest" time="31.180"/>
  <system-out/>
</testsuite> <!-- com.testcases.ProductPageTest -->
