<?xml version="1.0" encoding="UTF-8"?>
<!-- Generated by org.testng.reporters.JUnitReportReporter -->
<testsuite hostname="DESKTOP-UOSJI6I" failures="0" tests="1" name="com.testcases.ProductPageTest" time="32.539" errors="0" timestamp="2022-10-17T10:25:58 IST" skipped="0">
  <testcase classname="com.testcases.ProductPageTest" name="validatingAllAvailableProductsTest" time="32.539"/>
  <system-out/>
</testsuite> <!-- com.testcases.ProductPageTest -->
